<?xml version="1.0" encoding="UTF-8"?>
<!-- Generated by org.testng.reporters.JUnitReportReporter -->
<testsuite skipped="0" hostname="LAPTOP-FKAVKD24" name="com.code.java.selenium.App" tests="1" failures="0" timestamp="2020-04-02T17:32:01 IST" time="0.006" errors="0">
  <testcase name="main1" time="0.006" classname="com.code.java.selenium.App"/>
  <system-out/>
</testsuite> <!-- com.code.java.selenium.App -->
